#   COLUMN 1                        2                        3           4                        5
#   TIMESTEP                     TIME                       DT  FINEST LEV COARSE TIMESTEP WALLTIME
           0       0.0000000000000000       0.0000000000000000           3       0.0000000000000000
           1       0.0000000000519659       0.0000000000519659           3      91.6457614898681641
           2       0.0000000001065301       0.0000000000545642           3      63.7737100124359131
           3       0.0000000001638225       0.0000000000572924           3      63.4713110923767090
           4       0.0000000002239795       0.0000000000601570           3      63.9265205860137939
           5       0.0000000002871443       0.0000000000631649           3      66.3756952285766602
           6       0.0000000003534674       0.0000000000663231           3      66.6735200881958008
           7       0.0000000004231067       0.0000000000696393           3      66.6233899593353271
           8       0.0000000004962279       0.0000000000731212           3      65.9646091461181641
           9       0.0000000005730052       0.0000000000767773           3      66.1103103160858154
          10       0.0000000006536213       0.0000000000806161           3      65.7056818008422852
          11       0.0000000007382683       0.0000000000846470           3      64.4571638107299805
          12       0.0000000008271476       0.0000000000888793           3      64.7259645462036133
          13       0.0000000009204708       0.0000000000933233           3      64.8702166080474854
          14       0.0000000010184603       0.0000000000979894           3      64.6868538856506348
          15       0.0000000011213492       0.0000000001028889           3      64.0747678279876709
          16       0.0000000012293825       0.0000000001080333           3      63.9839143753051758
          17       0.0000000013428175       0.0000000001134350           3      63.5123808383941650
          18       0.0000000014619243       0.0000000001191068           3      63.5923948287963867
          19       0.0000000015869864       0.0000000001250621           3      69.9098215103149414
          20       0.0000000017183016       0.0000000001313152           3      73.9698312282562256
          21       0.0000000018561825       0.0000000001378810           3      73.9685719013214111
          22       0.0000000020009576       0.0000000001447750           3      73.4975793361663818
          23       0.0000000021529713       0.0000000001520138           3      72.0434463024139404
          24       0.0000000023125858       0.0000000001596145           3      68.4141595363616943
          25       0.0000000024801809       0.0000000001675952           3      68.3997218608856201
          26       0.0000000026561559       0.0000000001759749           3      67.5070254802703857
          27       0.0000000028409296       0.0000000001847737           3      66.7738354206085205
          28       0.0000000030349419       0.0000000001940124           3      65.5019567012786865
          29       0.0000000032386549       0.0000000002037130           3      61.1997663974761963
          30       0.0000000034525535       0.0000000002138986           3      61.8796145915985107
          31       0.0000000036771471       0.0000000002245936           3      63.3672866821289062
          32       0.0000000039129703       0.0000000002358232           3      63.4680464267730713
          33       0.0000000041605847       0.0000000002476144           3      64.3330516815185547
          34       0.0000000044205799       0.0000000002599951           3      64.5337018966674805
          35       0.0000000046935747       0.0000000002729949           3      65.4505236148834229
          36       0.0000000049802194       0.0000000002866446           3      65.9164514541625977
          37       0.0000000052811962       0.0000000003009769           3      66.6406288146972656
          38       0.0000000055972219       0.0000000003160257           3      67.2169048786163330
          39       0.0000000059290489       0.0000000003318270           3      67.4971976280212402
          40       0.0000000062756745       0.0000000003466256           3      69.6530277729034424
          41       0.0000000066203328       0.0000000003446583           3      68.8383121490478516
          42       0.0000000069633674       0.0000000003430346           3      68.6833949089050293
          43       0.0000000073051285       0.0000000003417611           3      69.4724099636077881
          44       0.0000000076459716       0.0000000003408431           3      71.1233949661254883
          45       0.0000000079861996       0.0000000003402280           3      71.7589509487152100
          46       0.0000000083260829       0.0000000003398833           3      72.4023234844207764
          47       0.0000000086659110       0.0000000003398281           3      72.0812785625457764
          48       0.0000000090060046       0.0000000003400936           3      73.0173232555389404
          49       0.0000000093466441       0.0000000003406394           3      74.0324230194091797
          50       0.0000000096880790       0.0000000003414349           3      74.8024892807006836
          51       0.0000000100304431       0.0000000003423642           3      78.9596974849700928
          52       0.0000000103737925       0.0000000003433494           3      77.3182163238525391
          53       0.0000000107182344       0.0000000003444419           3      76.7560584545135498
          54       0.0000000110638305       0.0000000003455961           3      76.7807774543762207
          55       0.0000000114104598       0.0000000003466293           3      78.0219869613647461
          56       0.0000000117581087       0.0000000003476488           3      78.8607943058013916
          57       0.0000000121066871       0.0000000003485784           3      79.2164287567138672
          58       0.0000000124562170       0.0000000003495299           3      80.7471380233764648
          59       0.0000000128067307       0.0000000003505137           3      82.5043518543243408
          60       0.0000000131582079       0.0000000003514772           3      83.4324171543121338
          61       0.0000000135103290       0.0000000003521211           3      85.3306126594543457
          62       0.0000000138630751       0.0000000003527460           3      97.6860704421997070
          63       0.0000000142165908       0.0000000003535158           3     102.4596247673034668
          64       0.0000000145707850       0.0000000003541942           3     102.1806218624114990
          65       0.0000000149252774       0.0000000003544924           3     101.4357588291168213
          66       0.0000000152800867       0.0000000003548093           3      87.5724468231201172
          67       0.0000000156347449       0.0000000003546583           3      99.9737632274627686
          68       0.0000000159892416       0.0000000003544966           3      93.5808300971984863
          69       0.0000000163436348       0.0000000003543933           3      89.7329301834106445
          70       0.0000000166979811       0.0000000003543462           3      90.8602643013000488
          71       0.0000000170522934       0.0000000003543123           3      91.2702505588531494
#   COLUMN 1                        2                        3           4                        5
#   TIMESTEP                     TIME                       DT  FINEST LEV COARSE TIMESTEP WALLTIME
           0       0.0000000000000000       0.0000000000000000           3       0.0000000000000000
#   COLUMN 1                        2                        3           4                        5
#   TIMESTEP                     TIME                       DT  FINEST LEV COARSE TIMESTEP WALLTIME
           0       0.0000000000000000       0.0000000000000000           3       0.0000000000000000
           1       0.0000000000552055       0.0000000000552055           3     555.6921246051788330
           2       0.0000000001131712       0.0000000000579657           3     544.9825353622436523
           3       0.0000000001740352       0.0000000000608640           3     549.2080957889556885
           4       0.0000000002379425       0.0000000000639072           3     546.2752618789672852
           5       0.0000000003050451       0.0000000000671026           3     547.9531264305114746
           6       0.0000000003755028       0.0000000000704577           3     542.8522994518280029
           7       0.0000000004494834       0.0000000000739806           3     548.7882316112518311
           8       0.0000000005271630       0.0000000000776796           3     549.1335043907165527
           9       0.0000000006087266       0.0000000000815636           3     549.4094314575195312
          10       0.0000000006943684       0.0000000000856418           3     549.5567419528961182
          11       0.0000000007842923       0.0000000000899239           3     550.7564368247985840
          12       0.0000000008787124       0.0000000000944201           3     552.1664366722106934
          13       0.0000000009778535       0.0000000000991411           3     552.2458574771881104
          14       0.0000000010819516       0.0000000001040981           3     551.5602433681488037
          15       0.0000000011912547       0.0000000001093030           3     552.7024936676025391
          16       0.0000000013060229       0.0000000001147682           3     547.2762727737426758
          17       0.0000000014265295       0.0000000001205066           3     540.2554483413696289
          18       0.0000000015530614       0.0000000001265319           3     554.2655994892120361
          19       0.0000000016859200       0.0000000001328585           3     644.3712055683135986
          20       0.0000000018254215       0.0000000001395015           3     651.1126861572265625
          21       0.0000000019718980       0.0000000001464765           3     652.3744831085205078
          22       0.0000000021256984       0.0000000001538004           3     643.3738460540771484
          23       0.0000000022871887       0.0000000001614904           3     597.3368370532989502
          24       0.0000000024567536       0.0000000001695649           3     641.5779886245727539
          25       0.0000000026347968       0.0000000001780431           3     641.1938633918762207
          26       0.0000000028217421       0.0000000001869453           3     644.2919542789459229
          27       0.0000000030180347       0.0000000001962926           3     609.7116479873657227
          28       0.0000000032241419       0.0000000002061072           3     656.6411998271942139
          29       0.0000000034405544       0.0000000002164126           3     656.2249848842620850
          30       0.0000000036677876       0.0000000002272332           3     617.4097263813018799
          31       0.0000000039063825       0.0000000002385948           3     662.2430167198181152
          32       0.0000000041569071       0.0000000002505246           3     662.0249674320220947
          33       0.0000000044199579       0.0000000002630508           3     661.9085781574249268
          34       0.0000000046961613       0.0000000002762034           3     666.8097026348114014
          35       0.0000000049861748       0.0000000002900135           3     665.9133493900299072
          36       0.0000000052906890       0.0000000003045142           3     639.4752628803253174
          37       0.0000000056104289       0.0000000003197399           3     612.3948342800140381
          38       0.0000000059461558       0.0000000003357269           3     622.7498977184295654
          39       0.0000000062986691       0.0000000003525133           3     613.1880257129669189
          40       0.0000000066688080       0.0000000003701389           3     628.1694941520690918
          41       0.0000000070574539       0.0000000003886459           3     627.7288451194763184
          42       0.0000000074655320       0.0000000004080782           3     636.0869936943054199
          43       0.0000000078940141       0.0000000004284821           3     645.2152678966522217
          44       0.0000000083439203       0.0000000004499062           3     660.5323398113250732
          45       0.0000000088072848       0.0000000004633645           3     683.9988920688629150
          46       0.0000000092700285       0.0000000004627437           3     698.8441095352172852
          47       0.0000000097320239       0.0000000004619954           3     700.9203207492828369
          48       0.0000000101935697       0.0000000004615458           3     714.6567025184631348
          49       0.0000000106545368       0.0000000004609670           3     728.5988936424255371
          50       0.0000000111150016       0.0000000004604648           3     718.5607256889343262
          51       0.0000000115750640       0.0000000004600624           3     726.8154318332672119
          52       0.0000000120345683       0.0000000004595042           3     730.7311046123504639
          53       0.0000000124937528       0.0000000004591845           3     741.3347988128662109
          54       0.0000000129475896       0.0000000004538368           3     763.3049404621124268
          55       0.0000000133942507       0.0000000004466611           3     782.9697744846343994
          56       0.0000000138337157       0.0000000004394651           3     759.6766970157623291
          57       0.0000000142656306       0.0000000004319149           3     763.5166690349578857
          58       0.0000000146907281       0.0000000004250975           3     761.6200058460235596
          59       0.0000000151082625       0.0000000004175344           3     776.4183535575866699
          60       0.0000000155187946       0.0000000004105320           3     782.7417058944702148
          61       0.0000000159224548       0.0000000004036602           3     783.5572903156280518
          62       0.0000000163192006       0.0000000003967458           3     788.9717528820037842
          63       0.0000000167090228       0.0000000003898222           3     809.7242002487182617
          64       0.0000000170920811       0.0000000003830583           3     809.5081546306610107
          65       0.0000000174675477       0.0000000003754665           3     833.3423943519592285
          66       0.0000000178365812       0.0000000003690336           3     917.4504175186157227
          67       0.0000000181948449       0.0000000003582637           3     980.6195456981658936
          68       0.0000000185397851       0.0000000003449402           3    1085.9165017604827881
          69       0.0000000188768513       0.0000000003370662           3    1075.1749958992004395
          70       0.0000000192103664       0.0000000003335152           3     968.9686672687530518
          71       0.0000000195400986       0.0000000003297321           3     876.1054220199584961
          72       0.0000000198658566       0.0000000003257581           3    1055.8415906429290771
          73       0.0000000201877286       0.0000000003218720           3     975.6161241531372070
          74       0.0000000205062115       0.0000000003184828           3     917.4500982761383057
          75       0.0000000208217433       0.0000000003155318           3     917.0069205760955811
          76       0.0000000211074606       0.0000000002857173           3     923.7898025512695312
          77       0.0000000214074638       0.0000000003000032           3     940.8270146846771240
          78       0.0000000217125094       0.0000000003050456           3    1053.1715738773345947
          79       0.0000000220069783       0.0000000002944688           3    1278.7178637981414795
          80       0.0000000222846496       0.0000000002776713           3     921.1905219554901123
          81       0.0000000225501816       0.0000000002655321           3    1689.5901706218719482
          82       0.0000000227962299       0.0000000002460482           3    2073.4702427387237549
          83       0.0000000230163817       0.0000000002201518           3    1855.6951692104339600
          84       0.0000000232250009       0.0000000002086192           3     908.0299897193908691
          85       0.0000000234354251       0.0000000002104241           3     912.1354341506958008
          86       0.0000000236514916       0.0000000002160665           3     846.1340692043304443
          87       0.0000000238726746       0.0000000002211830           3     846.1837151050567627
          88       0.0000000240972778       0.0000000002246032           3     883.9969964027404785
          89       0.0000000243258804       0.0000000002286026           3     918.2217350006103516
          90       0.0000000245585017       0.0000000002326213           3     957.5381362438201904
          91       0.0000000247953219       0.0000000002368202           3     958.0723884105682373
          92       0.0000000250350555       0.0000000002397336           3     968.1751828193664551
          93       0.0000000252783143       0.0000000002432588           3     958.6289718151092529
          94       0.0000000255256918       0.0000000002473775           3    1225.3831739425659180
          95       0.0000000257772717       0.0000000002515800           3    1155.8829340934753418
          96       0.0000000260327783       0.0000000002555066           3    1084.7316102981567383
          97       0.0000000262915440       0.0000000002587657           3    1089.6850872039794922
          98       0.0000000265540470       0.0000000002625030           3    1091.3217196464538574
          99       0.0000000268205565       0.0000000002665095           3     994.6844730377197266
         100       0.0000000270905961       0.0000000002700396           3     982.5065121650695801
         101       0.0000000273641387       0.0000000002735427           3    1108.9311275482177734
         102       0.0000000276413348       0.0000000002771960           3    1050.6598856449127197
         103       0.0000000279219012       0.0000000002805664           3     990.9763696193695068
         104       0.0000000282057520       0.0000000002838508           3    1015.2848098278045654
         105       0.0000000284926895       0.0000000002869375           3    1014.2222416400909424
         106       0.0000000287823996       0.0000000002897101           3    1042.7587752342224121
         107       0.0000000290748074       0.0000000002924078           3    1101.5803074836730957
         108       0.0000000293695121       0.0000000002947048           3    1174.9789140224456787
         109       0.0000000296661872       0.0000000002966751           3    1120.3131265640258789
         110       0.0000000299650227       0.0000000002988355           3    1060.3747601509094238
         111       0.0000000302655937       0.0000000003005710           3    1060.2351219654083252
         112       0.0000000305680791       0.0000000003024854           3    1058.4827878475189209
         113       0.0000000308723015       0.0000000003042224           3    1057.2483785152435303
         114       0.0000000311777799       0.0000000003054784           3    1062.3830454349517822
         115       0.0000000314847180       0.0000000003069382           3    1062.5979585647583008
         116       0.0000000317924872       0.0000000003077691           3    1064.5250329971313477
         117       0.0000000321013904       0.0000000003089033           3    1091.6643781661987305
         118       0.0000000324110771       0.0000000003096867           3    1088.5890843868255615
         119       0.0000000327212366       0.0000000003101595           3    1097.8520019054412842
         120       0.0000000330323269       0.0000000003110902           3    1106.5508542060852051
         121       0.0000000333373983       0.0000000003050714           3    1255.4413599967956543
         122       0.0000000336295789       0.0000000002921806           3    1253.2306509017944336
         123       0.0000000339248485       0.0000000002952696           3    1193.0884273052215576
         124       0.0000000342211393       0.0000000002962908           3    1187.3664879798889160
         125       0.0000000345211724       0.0000000003000331           3    1186.4980742931365967
         126       0.0000000348245788       0.0000000003034065           3    1154.8589613437652588
         127       0.0000000351310335       0.0000000003064546           3    1122.5543954372406006
         128       0.0000000354400152       0.0000000003089817           3    1130.1241409778594971
         129       0.0000000357517543       0.0000000003117392           3    1131.6644117832183838
         130       0.0000000360661924       0.0000000003144381           3    1126.0512297153472900
         131       0.0000000363816017       0.0000000003154093           3    1124.6225671768188477
         132       0.0000000366974007       0.0000000003157990           3    1136.7812616825103760
         133       0.0000000370135937       0.0000000003161930           3    1165.9614465236663818
         134       0.0000000373301578       0.0000000003165641           3    1176.6019313335418701
         135       0.0000000376471317       0.0000000003169739           3    1192.1401944160461426
         136       0.0000000379647012       0.0000000003175695           3    1190.1849222183227539
         137       0.0000000382825642       0.0000000003178630           3    1180.7273654937744141
         138       0.0000000386007635       0.0000000003181992           3    1165.9931452274322510
         139       0.0000000389192528       0.0000000003184893           3    1191.0189058780670166
         140       0.0000000392380029       0.0000000003187501           3    1193.0002057552337646
         141       0.0000000395569626       0.0000000003189597           3    1197.2707180976867676
         142       0.0000000398760997       0.0000000003191371           3    1202.5837473869323730
         143       0.0000000401953133       0.0000000003192136           3    1216.9549314975738525
         144       0.0000000405145491       0.0000000003192359           3    1212.3318338394165039
         145       0.0000000408337694       0.0000000003192203           3    1219.7744956016540527
         146       0.0000000411477141       0.0000000003139447           3    1226.8830568790435791
         147       0.0000000414572424       0.0000000003095283           3    1276.6903409957885742
         148       0.0000000417589735       0.0000000003017312           3    1275.2400941848754883
         149       0.0000000420600808       0.0000000003011073           3    1592.8586175441741943
         150       0.0000000423651047       0.0000000003050238           3    1590.9790158271789551
         151       0.0000000426720216       0.0000000003069169           3    1560.7715764045715332
         152       0.0000000429804918       0.0000000003084702           3    1596.3134436607360840
         153       0.0000000432910500       0.0000000003105581           3    1594.1015393733978271
         154       0.0000000436039357       0.0000000003128857           3    1600.1551244258880615
         155       0.0000000439189112       0.0000000003149755           3    1631.4378254413604736
         156       0.0000000442358291       0.0000000003169179           3    1629.5020213127136230
         157       0.0000000445544855       0.0000000003186564           3    1617.6753945350646973
         158       0.0000000448744877       0.0000000003200022           3    1616.6992580890655518
         159       0.0000000451960152       0.0000000003215275           3    1645.5215859413146973
         160       0.0000000455155226       0.0000000003195074           3    1573.1462669372558594
         161       0.0000000458379267       0.0000000003224041           3    1484.8113458156585693
         162       0.0000000461629705       0.0000000003250438           3    1664.0091447830200195
         163       0.0000000464889539       0.0000000003259834           3    1670.1899847984313965
         164       0.0000000468160045       0.0000000003270506           3    1698.8203289508819580
         165       0.0000000471442894       0.0000000003282849           3    1698.9177684783935547
         166       0.0000000474733847       0.0000000003290953           3    1699.2941858768463135
         167       0.0000000478034332       0.0000000003300485           3    1623.9215991497039795
         168       0.0000000481343374       0.0000000003309041           3    1675.3814764022827148
         169       0.0000000484659322       0.0000000003315948           3    1733.3536472320556641
         170       0.0000000487981704       0.0000000003322382           3    1667.5620858669281006
         171       0.0000000491309086       0.0000000003327382           3    1673.9507420063018799
         172       0.0000000494640789       0.0000000003331704           3    1681.2836923599243164
         173       0.0000000497977624       0.0000000003336835           3    1708.1518635749816895
         174       0.0000000501318211       0.0000000003340588           3    1701.2789411544799805
         175       0.0000000504660625       0.0000000003342413           3    1696.0157248973846436
         176       0.0000000508005308       0.0000000003344683           3    1741.0830252170562744
         177       0.0000000511352134       0.0000000003346827           3    1774.6119432449340820
         178       0.0000000514700584       0.0000000003348449           3    1807.9687111377716064
         179       0.0000000518053236       0.0000000003352652           3    1729.5635139942169189
         180       0.0000000521407705       0.0000000003354470           3    1768.9078543186187744
         181       0.0000000524764465       0.0000000003356760           3    1809.2284150123596191
         182       0.0000000528125020       0.0000000003360555           3    1841.9192693233489990
         183       0.0000000531487591       0.0000000003362571           3    1840.6237788200378418
         184       0.0000000534852803       0.0000000003365212           3    1839.1121039390563965
         185       0.0000000538221574       0.0000000003368771           3    1746.7102773189544678
         186       0.0000000541591549       0.0000000003369976           3    1823.8350017070770264
         187       0.0000000544962735       0.0000000003371186           3    1892.6243462562561035
         188       0.0000000548335355       0.0000000003372620           3    1864.1162600517272949
         189       0.0000000551709270       0.0000000003373915           3    1879.0956573486328125
         190       0.0000000555088800       0.0000000003379530           3    1891.5935513973236084
         191       0.0000000558472944       0.0000000003384144           3    1853.4770934581756592
         192       0.0000000561854527       0.0000000003381583           3    1851.4995312690734863
         193       0.0000000565234807       0.0000000003380280           3    1865.2151110172271729
         194       0.0000000568617808       0.0000000003383000           3    1821.0021982192993164
         195       0.0000000571997983       0.0000000003380175           3    1821.5872528553009033
         196       0.0000000575326421       0.0000000003328438           3    1887.9923577308654785
         197       0.0000000578653692       0.0000000003327271           3    1705.1877224445343018
         198       0.0000000582032639       0.0000000003378947           3    1382.7489957809448242
         199       0.0000000585409218       0.0000000003376579           3    2032.2937095165252686
         200       0.0000000588786292       0.0000000003377074           3    2039.7271065711975098
         201       0.0000000592161794       0.0000000003375501           3    2043.1103167533874512
         202       0.0000000595534348       0.0000000003372555           3    2036.1661951541900635
         203       0.0000000598907871       0.0000000003373522           3    1983.1728110313415527
         204       0.0000000602281317       0.0000000003373446           3    1960.5148434638977051
         205       0.0000000605652716       0.0000000003371399           3    2087.8601350784301758
         206       0.0000000609003623       0.0000000003350907           3    2070.9254899024963379
         207       0.0000000612324049       0.0000000003320426           3    2025.0578508377075195
         208       0.0000000615641406       0.0000000003317357           3    2117.8978867530822754
         209       0.0000000618964880       0.0000000003323474           3    2016.5920732021331787
         210       0.0000000622289060       0.0000000003324179           3    1951.8249518871307373
         211       0.0000000625610691       0.0000000003321631           3    1975.8268435001373291
         212       0.0000000628925718       0.0000000003315027           3    1977.9242296218872070
         213       0.0000000632236964       0.0000000003311246           3    1967.7094399929046631
         214       0.0000000635556834       0.0000000003319870           3    2012.4282753467559814
         215       0.0000000638888478       0.0000000003331644           3    2088.8938319683074951
         216       0.0000000642229467       0.0000000003340989           3    1925.2426323890686035
         217       0.0000000645582095       0.0000000003352628           3    1742.2605967521667480
         218       0.0000000648951935       0.0000000003369840           3    1697.3930771350860596
         219       0.0000000652334398       0.0000000003382463           3    1712.7099487781524658
         220       0.0000000655728166       0.0000000003393767           3    1750.9923682212829590
         221       0.0000000659137517       0.0000000003409351           3    1809.1238508224487305
         222       0.0000000662562034       0.0000000003424517           3    1831.3939177989959717
         223       0.0000000665998847       0.0000000003436812           3    1836.3154416084289551
         224       0.0000000669447495       0.0000000003448649           3    1797.3599390983581543
         225       0.0000000672910576       0.0000000003463080           3    1801.8227424621582031
         226       0.0000000676387290       0.0000000003476714           3    1850.4768402576446533
         227       0.0000000679874260       0.0000000003486970           3    1896.7970275878906250
         228       0.0000000683373993       0.0000000003499733           3    1902.8971557617187500
         229       0.0000000686889056       0.0000000003515064           3    1933.1215140819549561
         230       0.0000000690416182       0.0000000003527126           3    1867.5267002582550049
         231       0.0000000693954815       0.0000000003538633           3    1843.1056838035583496
         232       0.0000000697446242       0.0000000003491427           3    1934.2280645370483398
         233       0.0000000700874607       0.0000000003428365           3    1623.0409202575683594
         234       0.0000000704333152       0.0000000003458545           3    1307.6830351352691650
         235       0.0000000707872125       0.0000000003538973           3    1975.1390531063079834
         236       0.0000000711469899       0.0000000003597774           3    1958.8097968101501465
         237       0.0000000715079592       0.0000000003609693           3    1941.5319442749023438
         238       0.0000000718594275       0.0000000003514684           3    2019.3217487335205078
         239       0.0000000722027916       0.0000000003433640           3    1988.6449601650238037
         240       0.0000000725475113       0.0000000003447197           3    1970.0160753726959229
         241       0.0000000729014569       0.0000000003539456           3    1987.3930077552795410
         242       0.0000000732584057       0.0000000003569487           3    2020.4972383975982666
         243       0.0000000736242442       0.0000000003658385           3    2025.7824568748474121
         244       0.0000000739842761       0.0000000003600320           3    2496.8426668643951416
         245       0.0000000743244803       0.0000000003402042           3    2070.1754047870635986
         246       0.0000000746621847       0.0000000003377044           3    2052.5391278266906738
         247       0.0000000750089809       0.0000000003467962           3    2124.8119096755981445
         248       0.0000000753669139       0.0000000003579329           3    2102.0611071586608887
         249       0.0000000757297048       0.0000000003627909           3    2096.1708097457885742
         250       0.0000000760918792       0.0000000003621744           3    2162.3002629280090332
         251       0.0000000764432436       0.0000000003513644           3    2115.1908192634582520
         252       0.0000000767897624       0.0000000003465188           3    2089.6526594161987305
         253       0.0000000771398083       0.0000000003500458           3    2143.7559254169464111
         254       0.0000000774944076       0.0000000003545993           3    2222.5059945583343506
         255       0.0000000778523105       0.0000000003579029           3    2182.1530053615570068
         256       0.0000000782119221       0.0000000003596116           3    2188.1473748683929443
         257       0.0000000785676430       0.0000000003557209           3    2294.7788758277893066
         258       0.0000000789230460       0.0000000003554030           3    2292.5736310482025146
         259       0.0000000792771344       0.0000000003540883           3    2289.8203468322753906
         260       0.0000000796351926       0.0000000003580582           3    2268.6992847919464111
         261       0.0000000799951685       0.0000000003599760           3    2286.9686129093170166
