/var/spool/slurmd/job47862180/slurm_script: line 60: slack_job_start.py: command not found
MPI initialized with 640 MPI processes
MPI initialized with thread support level 3
AMReX (21.09) initialized

Starting run at 18:06:16 UTC on 2021-10-02.
Successfully read inputs file ... 

Castro git describe: 21.09-5-g4a1691e46-dirty
AMReX git describe: 21.09
Microphysics git describe: 21.09

reading extern runtime parameters ...
 
 Initializing Helmholtz EOS and using Coulomb corrections.
 
 EOS: small_dens cannot be less than the mindens allowed by the EOS. Resetting s
 mall_dens to mindens.
17 Species: 
h1  h2  he3  he4  be7  b8  c12  c13  n13  n14  n15  o14  o15  o16  o17  f17  f18  
Successfully read inputs file ... 
reading initial model
1024 points found in the initial model
18 variables found in the initial model file
WARNING: velocity not provided in inputs file
WARNING: hydrogen-2 not provided in inputs file
WARNING: fluorine-18 not provided in inputs file
0 420080000 266809.0419
1 420240000 265154.652
2 420400000 263504.3705
3 420560000 261858.2012
4 420720000 260216.1479
5 420880000 258578.2147
6 421040000 256944.4063
7 421200000 255314.7272
8 421360000 253689.1826
9 421520000 252067.7778
10 421680000 250450.5103
11 421840000 248837.3718
12 422000000 247228.3696
13 422160000 245623.5105
14 422320000 244022.8005
15 422480000 242426.245
16 422640000 240833.8489
17 422800000 239245.6162
18 422960000 237661.551
19 423120000 236081.6567
20 423280000 234505.9363
21 423440000 232934.3928
22 423600000 231367.0289
23 423760000 229803.8471
24 423920000 228244.8501
25 424080000 226690.0401
26 424240000 225139.4197
27 424400000 223592.9914
28 424560000 222050.7578
29 424720000 220512.7218
30 424880000 218978.8861
31 425040000 217449.2539
32 425200000 215923.8287
33 425360000 214402.614
34 425520000 212885.6137
35 425680000 211372.8321
36 425840000 209864.2736
37 426000000 208359.9433
38 426160000 206859.8464
39 426320000 205363.9884
40 426480000 203872.3756
41 426640000 202385.0142
42 426800000 200901.9113
43 426960000 199423.072
44 427120000 197948.4861
45 427280000 196478.1588
46 427440000 195012.0993
47 427600000 193550.3156
48 427760000 192092.8148
49 427920000 190639.6032
50 428080000 189190.6864
51 428240000 187746.0694
52 428400000 186305.757
53 428560000 184869.7532
54 428720000 183438.0621
55 428880000 182010.6873
56 429040000 180587.6327
57 429200000 179168.9019
58 429360000 177754.4985
59 429520000 176344.4265
60 429680000 174938.6898
61 429840000 173537.2928
62 430000000 172140.24
63 430160000 170747.5363
64 430320000 169359.187
65 430480000 167975.1979
66 430640000 166595.5751
67 430800000 165220.3254
68 430960000 163849.4561
69 431120000 162482.9748
70 431280000 161120.8899
71 431440000 159763.2104
72 431600000 158409.9442
73 431760000 157061.0826
74 431920000 155716.6323
75 432080000 154376.6051
76 432240000 153041.0111
77 432400000 151709.8593
78 432560000 150383.1575
79 432720000 149060.913
80 432880000 147743.1319
81 433040000 146429.8202
82 433200000 145120.9833
83 433360000 143816.6266
84 433520000 142516.7553
85 433680000 141221.3746
86 433840000 139930.49
87 434000000 138644.1071
88 434160000 137362.232
89 434320000 136084.8713
90 434480000 134812.0318
91 434640000 133543.7214
92 434800000 132279.9482
93 434960000 131020.7213
94 435120000 129766.0506
95 435280000 128515.9464
96 435440000 127270.4204
97 435600000 126029.4845
98 435760000 124793.1342
99 435920000 123561.3748
100 436080000 122334.2215
101 436240000 121111.6876
102 436400000 119893.7844
103 436560000 118680.522
104 436720000 117471.9094
105 436880000 116267.9546
106 437040000 115068.6653
107 437200000 113874.0488
108 437360000 112684.1122
109 437520000 111498.8629
110 437680000 110318.3085
111 437840000 109142.4573
112 438000000 107971.3179
113 438160000 106804.8999
114 438320000 105643.2138
115 438480000 104486.2711
116 438640000 103334.0843
117 438800000 102186.667
118 438960000 101044.0343
119 439120000 99906.20097
120 439280000 98773.16231
121 439440000 97644.93158
122 439600000 96521.52772
123 439760000 95402.96682
124 439920000 94289.26274
125 440080000 93180.4276
126 440240000 92076.47232
127 440400000 90977.40704
128 440560000 89883.24155
129 440720000 88793.98568
130 440880000 87709.6496
131 441040000 86630.24415
132 441200000 85555.78113
133 441360000 84486.27348
134 441520000 83421.73555
135 441680000 82362.18323
136 441840000 81307.63411
137 442000000 80258.10762
138 442160000 79213.62225
139 442320000 78174.17562
140 442480000 77139.78859
141 442640000 76110.48476
142 442800000 75086.28384
143 442960000 74067.20259
144 443120000 73053.25577
145 443280000 72044.45692
146 443440000 71040.8191
147 443600000 70042.35552
148 443760000 69049.08012
149 443920000 68061.00813
150 444080000 67078.15642
151 444240000 66100.54397
152 444400000 65128.19214
153 444560000 64161.12492
154 444720000 63199.36912
155 444880000 62242.93213
156 445040000 61291.83118
157 445200000 60346.09838
158 445360000 59405.75976
159 445520000 58470.83696
160 445680000 57541.34885
161 445840000 56617.3129
162 446000000 55698.74645
163 446160000 54785.66774
164 446320000 53878.09692
165 446480000 52976.05676
166 446640000 52079.57341
167 446800000 51188.67689
168 446960000 50303.40155
169 447120000 49423.76567
170 447280000 48549.78881
171 447440000 47681.51305
172 447600000 46818.97143
173 447760000 45962.19095
174 447920000 45111.19529
175 448080000 44266.00717
176 448240000 43426.65047
177 448400000 42593.15195
178 448560000 41765.54271
179 448720000 40943.8594
180 448880000 40128.14515
181 449040000 39318.43504
182 449200000 38514.75021
183 449360000 37717.14553
184 449520000 36925.66395
185 449680000 36140.33968
186 449840000 35361.20305
187 450000000 34588.28473
188 450160000 33821.61916
189 450320000 33061.24744
190 450480000 32307.21957
191 450640000 31559.5949
192 450800000 30818.40239
193 450960000 30083.70223
194 451120000 29355.55739
195 451280000 28634.01484
196 451440000 27919.11488
197 451600000 27210.89897
198 451760000 26509.41599
199 451920000 25814.72721
200 452080000 25126.90969
201 452240000 24446.01316
202 452400000 23772.11351
203 452560000 23105.29324
204 452720000 22445.612
205 452880000 21793.12344
206 453040000 21147.8885
207 453200000 20509.98572
208 453360000 19879.51666
209 453520000 19292.43216
210 453680000 18726.78771
211 453840000 18166.60397
212 454000000 17611.8143
213 454160000 17062.49369
214 454320000 16518.8896
215 454480000 15981.00756
216 454640000 15448.92145
217 454800000 14922.61744
218 454960000 14403.45638
219 455120000 13889.4004
220 455280000 13377.13582
221 455440000 12866.93504
222 455600000 12341.05342
223 455760000 11689.22461
224 455920000 2770.754347
225 456080000 2619.916101
226 456240000 2594.431463
227 456400000 2569.023372
228 456560000 2543.671941
229 456720000 2518.422948
230 456880000 2493.236031
231 457040000 2468.14044
232 457200000 2443.12808
233 457360000 2418.186051
234 457520000 2393.339579
235 457680000 2368.564679
236 457840000 2343.87549
237 458000000 2319.267765
238 458160000 2294.746022
239 458320000 2270.301146
240 458480000 2245.948585
241 458640000 2221.676383
242 458800000 2197.487648
243 458960000 2173.389725
244 459120000 2149.380911
245 459280000 2125.454807
246 459440000 2101.61498
247 459600000 2077.860672
248 459760000 2054.198152
249 459920000 2030.621233
250 460080000 2007.135199
251 460240000 1983.736017
252 460400000 1960.428698
253 460560000 1937.212983
254 460720000 1914.091628
255 460880000 1891.055025
256 461040000 1868.112538
257 461200000 1845.262568
258 461360000 1822.507665
259 461520000 1799.84186
260 461680000 1777.274992
261 461840000 1754.801251
262 462000000 1732.423594
263 462160000 1710.142211
264 462320000 1687.960088
265 462480000 1665.878471
266 462640000 1643.894284
267 462800000 1622.00568
268 462960000 1600.216603
269 463120000 1578.527806
270 463280000 1556.939503
271 463440000 1535.453817
272 463600000 1514.071856
273 463760000 1492.792994
274 463920000 1471.61644
275 464080000 1450.541396
276 464240000 1429.571363
277 464400000 1408.707665
278 464560000 1387.952123
279 464720000 1367.306683
280 464880000 1346.76374
281 465040000 1326.334602
282 465200000 1306.01701
283 465360000 1285.807315
284 465520000 1265.703613
285 465680000 1245.714594
286 465840000 1225.841652
287 466000000 1206.075941
288 466160000 1186.427032
289 466320000 1166.896463
290 466480000 1147.471844
291 466640000 1128.168667
292 466800000 1108.988279
293 466960000 1089.92032
294 467120000 1070.975282
295 467280000 1052.148435
296 467440000 1033.443524
297 467600000 1014.864271
298 467760000 996.4000624
299 467920000 978.0643471
300 468080000 959.849513
301 468240000 941.7630919
302 468400000 923.7999995
303 468560000 905.9638123
304 468720000 888.2555976
305 468880000 870.6775565
306 469040000 853.2319931
307 469200000 835.9176758
308 469360000 818.7365599
309 469520000 801.6884707
310 469680000 784.7726803
311 469840000 767.9945266
312 470000000 751.3459445
313 470160000 734.8448251
314 470320000 718.4674624
315 470480000 702.2415322
316 470640000 686.1509097
317 470800000 670.206507
318 470960000 654.409836
319 471120000 638.7438563
320 471280000 623.2346099
321 471440000 607.8642734
322 471600000 592.6420567
323 471760000 577.5815997
324 471920000 562.6519661
325 472080000 547.8824055
326 472240000 533.2799867
327 472400000 518.8075694
328 472560000 504.5000108
329 472720000 490.3629765
330 472880000 476.3623441
331 473040000 462.5231319
332 473200000 448.8608056
333 473360000 435.3625039
334 473520000 422.0021935
335 473680000 408.8259723
336 473840000 395.8338804
337 474000000 382.9923247
338 474160000 370.2999641
339 474320000 357.800682
340 474480000 345.4963481
341 474640000 333.3686327
342 474800000 321.360008
343 474960000 309.5556829
344 475120000 297.9568293
345 475280000 286.5647737
346 475440000 275.3400499
347 475600000 264.2273431
348 475760000 253.3373445
349 475920000 242.6698402
350 476080000 232.2262119
351 476240000 222.0069775
352 476400000 211.9284243
353 476560000 201.9355685
354 476720000 192.1949482
355 476880000 182.7071545
356 477040000 173.4722466
357 477200000 164.4906651
358 477360000 155.7606146
359 477520000 147.2817498
360 477680000 138.5440115
361 477840000 129.7562257
362 478000000 121.3537188
363 478160000 113.3288684
364 478320000 105.6745183
365 478480000 98.38170923
366 478640000 91.44141833
367 478800000 84.84607156
368 478960000 78.58690022
369 479120000 72.65425039
370 479280000 67.04017186
371 479440000 61.73546663
372 479600000 56.73047496
373 479760000 52.01697746
374 479920000 47.58500007
375 480080000 43.42544219
376 480240000 39.52939641
377 480400000 35.8867165
378 480560000 32.18754097
379 480720000 28.36524004
380 480880000 24.98600707
381 481040000 22.00046839
382 481200000 19.36517869
383 481360000 17.04022395
384 481520000 14.99048335
385 481680000 13.18419649
386 481840000 11.59317243
387 482000000 10.19237613
388 482160000 8.959372352
389 482320000 7.874552336
390 482480000 6.920197445
391 482640000 6.080952357
392 482800000 5.342982941
393 482960000 4.694235058
394 483120000 4.123993048
395 483280000 3.62280481
396 483440000 3.18239956
397 483600000 2.795389624
398 483760000 2.455387959
399 483920000 2.156656586
400 484080000 1.894237327
401 484240000 1.663710188
402 484400000 1.461211898
403 484560000 1.28334781
404 484720000 1.127111647
405 484880000 0.9898974096
406 485040000 0.8693713515
407 485200000 0.7635231765
408 485360000 0.6705551223
409 485520000 0.5889067318
410 485680000 0.5171993174
411 485840000 0.454220068
412 486000000 0.3989129314
413 486160000 0.3503362084
414 486320000 0.3076783801
415 486480000 0.270212394
416 486640000 0.2373102785
417 486800000 0.2084143712
418 486960000 0.1830367736
419 487120000 0.1607504099
420 487280000 0.1411765259
421 487440000 0.1239876956
422 487600000 0.1088906872
423 487760000 0.09563294988
424 487920000 0.08398912689
425 488080000 0.07376323676
426 488240000 0.06478262713
427 488400000 0.0568951202
428 488560000 0.04996852042
429 488720000 0.04388476769
430 488880000 0.03854220815
431 489040000 0.03384983918
432 489200000 0.02972893345
433 489360000 0.02610973779
434 489520000 0.02293108944
435 489680000 0.02013958138
436 489840000 0.0176877403
437 490000000 0.01553459156
438 490160000 0.01364342356
439 490320000 0.01198259232
440 490480000 0.01052391039
441 490640000 0.009242807589
442 490800000 0.008117691653
443 490960000 0.007129485972
444 491120000 0.006261650961
445 491280000 0.005499395319
446 491440000 0.004829985753
447 491600000 0.004242033536
448 491760000 0.003725668084
449 491920000 0.003272161382
450 492080000 0.002873845522
451 492240000 0.002524037905
452 492400000 0.002216786691
453 492560000 0.001946960641
454 492720000 0.00170996207
455 492880000 0.001501823537
456 493040000 0.001319017346
457 493200000 0.001158461638
458 493360000 0.001017454422
459 493520000 0.0008936030433
460 493680000 0.0007848366686
461 493840000 0.0006893015144
462 494000000 0.0006054014593
463 494160000 0.0005317106125
464 494320000 0.0004669907892
465 494480000 0.0004101492929
466 494640000 0.000360224432
467 494800000 0.0003163795433
468 494960000 0.000277868224
469 495120000 0.0002440474969
470 495280000 0.0002143414166
471 495440000 0.0001882523223
472 495600000 0.0001653385447
473 495760000 0.00014521342
474 495920000 0.0001275387001
475 496080000 0.0001120142112
476 496240000 9.838055862e-05
477 496400000 8.640538505e-05
478 496560000 7.588853191e-05
479 496720000 6.665144263e-05
480 496880000 5.853875172e-05
481 497040000 5.14136455e-05
482 497200000 4.515547131e-05
483 497360000 3.965945162e-05
484 497520000 3.483197893e-05
485 497680000 3.059245521e-05
486 497840000 2.686873043e-05
487 498000000 2.359836568e-05
488 498160000 2.072605302e-05
489 498320000 1.820327791e-05
490 498480000 1.598768792e-05
491 498640000 1.404162251e-05
492 498800000 1.233258075e-05
493 498960000 1.08314402e-05
494 499120000 9.513094313e-06
495 499280000 8.355182427e-06
496 499440000 7.338207318e-06
497 499600000 6.445038698e-06
498 499760000 5.66053747e-06
499 499920000 4.971580004e-06
500 500080000 4.366427888e-06
501 500240000 3.834975657e-06
502 500400000 3.368185466e-06
503 500560000 2.958222617e-06
504 500720000 2.59816031e-06
505 500880000 2.281911937e-06
506 501040000 2.004173669e-06
507 501200000 1.760220796e-06
508 501360000 1.545980265e-06
509 501520000 1.357802479e-06
510 501680000 1.192537747e-06
511 501840000 1.047385826e-06
512 502000000 1e-06
513 502160000 1e-06
514 502320000 1e-06
515 502480000 1e-06
516 502640000 1e-06
517 502800000 1e-06
518 502960000 1e-06
519 503120000 1e-06
520 503280000 1e-06
521 503440000 1e-06
522 503600000 1e-06
523 503760000 1e-06
524 503920000 1e-06
525 504080000 1e-06
526 504240000 1e-06
527 504400000 1e-06
528 504560000 1e-06
529 504720000 1e-06
530 504880000 1e-06
531 505040000 1e-06
532 505200000 1e-06
533 505360000 1e-06
534 505520000 1e-06
535 505680000 1e-06
536 505840000 1e-06
537 506000000 1e-06
538 506160000 1e-06
539 506320000 1e-06
540 506480000 1e-06
541 506640000 1e-06
542 506800000 1e-06
543 506960000 1e-06
544 507120000 1e-06
545 507280000 1e-06
546 507440000 1e-06
547 507600000 1e-06
548 507760000 1e-06
549 507920000 1e-06
550 508080000 1e-06
551 508240000 1e-06
552 508400000 1e-06
553 508560000 1e-06
554 508720000 1e-06
555 508880000 1e-06
556 509040000 1e-06
557 509200000 1e-06
558 509360000 1e-06
559 509520000 1e-06
560 509680000 1e-06
561 509840000 1e-06
562 510000000 1e-06
563 510160000 1e-06
564 510320000 1e-06
565 510480000 1e-06
566 510640000 1e-06
567 510800000 1e-06
568 510960000 1e-06
569 511120000 1e-06
570 511280000 1e-06
571 511440000 1e-06
572 511600000 1e-06
573 511760000 1e-06
574 511920000 1e-06
575 512080000 1e-06
576 512240000 1e-06
577 512400000 1e-06
578 512560000 1e-06
579 512720000 1e-06
580 512880000 1e-06
581 513040000 1e-06
582 513200000 1e-06
583 513360000 1e-06
584 513520000 1e-06
585 513680000 1e-06
586 513840000 1e-06
587 514000000 1e-06
588 514160000 1e-06
589 514320000 1e-06
590 514480000 1e-06
591 514640000 1e-06
592 514800000 1e-06
593 514960000 1e-06
594 515120000 1e-06
595 515280000 1e-06
596 515440000 1e-06
597 515600000 1e-06
598 515760000 1e-06
599 515920000 1e-06
600 516080000 1e-06
601 516240000 1e-06
602 516400000 1e-06
603 516560000 1e-06
604 516720000 1e-06
605 516880000 1e-06
606 517040000 1e-06
607 517200000 1e-06
608 517360000 1e-06
609 517520000 1e-06
610 517680000 1e-06
611 517840000 1e-06
612 518000000 1e-06
613 518160000 1e-06
614 518320000 1e-06
615 518480000 1e-06
616 518640000 1e-06
617 518800000 1e-06
618 518960000 1e-06
619 519120000 1e-06
620 519280000 1e-06
621 519440000 1e-06
622 519600000 1e-06
623 519760000 1e-06
624 519920000 1e-06
625 520080000 1e-06
626 520240000 1e-06
627 520400000 1e-06
628 520560000 1e-06
629 520720000 1e-06
630 520880000 1e-06
631 521040000 1e-06
632 521200000 1e-06
633 521360000 1e-06
634 521520000 1e-06
635 521680000 1e-06
636 521840000 1e-06
637 522000000 1e-06
638 522160000 1e-06
639 522320000 1e-06
640 522480000 1e-06
641 522640000 1e-06
642 522800000 1e-06
643 522960000 1e-06
644 523120000 1e-06
645 523280000 1e-06
646 523440000 1e-06
647 523600000 1e-06
648 523760000 1e-06
649 523920000 1e-06
650 524080000 1e-06
651 524240000 1e-06
652 524400000 1e-06
653 524560000 1e-06
654 524720000 1e-06
655 524880000 1e-06
656 525040000 1e-06
657 525200000 1e-06
658 525360000 1e-06
659 525520000 1e-06
660 525680000 1e-06
661 525840000 1e-06
662 526000000 1e-06
663 526160000 1e-06
664 526320000 1e-06
665 526480000 1e-06
666 526640000 1e-06
667 526800000 1e-06
668 526960000 1e-06
669 527120000 1e-06
670 527280000 1e-06
671 527440000 1e-06
672 527600000 1e-06
673 527760000 1e-06
674 527920000 1e-06
675 528080000 1e-06
676 528240000 1e-06
677 528400000 1e-06
678 528560000 1e-06
679 528720000 1e-06
680 528880000 1e-06
681 529040000 1e-06
682 529200000 1e-06
683 529360000 1e-06
684 529520000 1e-06
685 529680000 1e-06
686 529840000 1e-06
687 530000000 1e-06
688 530160000 1e-06
689 530320000 1e-06
690 530480000 1e-06
691 530640000 1e-06
692 530800000 1e-06
693 530960000 1e-06
694 531120000 1e-06
695 531280000 1e-06
696 531440000 1e-06
697 531600000 1e-06
698 531760000 1e-06
699 531920000 1e-06
700 532080000 1e-06
701 532240000 1e-06
702 532400000 1e-06
703 532560000 1e-06
704 532720000 1e-06
705 532880000 1e-06
706 533040000 1e-06
707 533200000 1e-06
708 533360000 1e-06
709 533520000 1e-06
710 533680000 1e-06
711 533840000 1e-06
712 534000000 1e-06
713 534160000 1e-06
714 534320000 1e-06
715 534480000 1e-06
716 534640000 1e-06
717 534800000 1e-06
718 534960000 1e-06
719 535120000 1e-06
720 535280000 1e-06
721 535440000 1e-06
722 535600000 1e-06
723 535760000 1e-06
724 535920000 1e-06
725 536080000 1e-06
726 536240000 1e-06
727 536400000 1e-06
728 536560000 1e-06
729 536720000 1e-06
730 536880000 1e-06
731 537040000 1e-06
732 537200000 1e-06
733 537360000 1e-06
734 537520000 1e-06
735 537680000 1e-06
736 537840000 1e-06
737 538000000 1e-06
738 538160000 1e-06
739 538320000 1e-06
740 538480000 1e-06
741 538640000 1e-06
742 538800000 1e-06
743 538960000 1e-06
744 539120000 1e-06
745 539280000 1e-06
746 539440000 1e-06
747 539600000 1e-06
748 539760000 1e-06
749 539920000 1e-06
750 540080000 1e-06
751 540240000 1e-06
752 540400000 1e-06
753 540560000 1e-06
754 540720000 1e-06
755 540880000 1e-06
756 541040000 1e-06
757 541200000 1e-06
758 541360000 1e-06
759 541520000 1e-06
760 541680000 1e-06
761 541840000 1e-06
762 542000000 1e-06
763 542160000 1e-06
764 542320000 1e-06
765 542480000 1e-06
766 542640000 1e-06
767 542800000 1e-06
768 542960000 1e-06
769 543120000 1e-06
770 543280000 1e-06
771 543440000 1e-06
772 543600000 1e-06
773 543760000 1e-06
774 543920000 1e-06
775 544080000 1e-06
776 544240000 1e-06
777 544400000 1e-06
778 544560000 1e-06
779 544720000 1e-06
780 544880000 1e-06
781 545040000 1e-06
782 545200000 1e-06
783 545360000 1e-06
784 545520000 1e-06
785 545680000 1e-06
786 545840000 1e-06
787 546000000 1e-06
788 546160000 1e-06
789 546320000 1e-06
790 546480000 1e-06
791 546640000 1e-06
792 546800000 1e-06
793 546960000 1e-06
794 547120000 1e-06
795 547280000 1e-06
796 547440000 1e-06
797 547600000 1e-06
798 547760000 1e-06
799 547920000 1e-06
800 548080000 1e-06
801 548240000 1e-06
802 548400000 1e-06
803 548560000 1e-06
804 548720000 1e-06
805 548880000 1e-06
806 549040000 1e-06
807 549200000 1e-06
808 549360000 1e-06
809 549520000 1e-06
810 549680000 1e-06
811 549840000 1e-06
812 550000000 1e-06
813 550160000 1e-06
814 550320000 1e-06
815 550480000 1e-06
816 550640000 1e-06
817 550800000 1e-06
818 550960000 1e-06
819 551120000 1e-06
820 551280000 1e-06
821 551440000 1e-06
822 551600000 1e-06
823 551760000 1e-06
824 551920000 1e-06
825 552080000 1e-06
826 552240000 1e-06
827 552400000 1e-06
828 552560000 1e-06
829 552720000 1e-06
830 552880000 1e-06
831 553040000 1e-06
832 553200000 1e-06
833 553360000 1e-06
834 553520000 1e-06
835 553680000 1e-06
836 553840000 1e-06
837 554000000 1e-06
838 554160000 1e-06
839 554320000 1e-06
840 554480000 1e-06
841 554640000 1e-06
842 554800000 1e-06
843 554960000 1e-06
844 555120000 1e-06
845 555280000 1e-06
846 555440000 1e-06
847 555600000 1e-06
848 555760000 1e-06
849 555920000 1e-06
850 556080000 1e-06
851 556240000 1e-06
852 556400000 1e-06
853 556560000 1e-06
854 556720000 1e-06
855 556880000 1e-06
856 557040000 1e-06
857 557200000 1e-06
858 557360000 1e-06
859 557520000 1e-06
860 557680000 1e-06
861 557840000 1e-06
862 558000000 1e-06
863 558160000 1e-06
864 558320000 1e-06
865 558480000 1e-06
866 558640000 1e-06
867 558800000 1e-06
868 558960000 1e-06
869 559120000 1e-06
870 559280000 1e-06
871 559440000 1e-06
872 559600000 1e-06
873 559760000 1e-06
874 559920000 1e-06
875 560080000 1e-06
876 560240000 1e-06
877 560400000 1e-06
878 560560000 1e-06
879 560720000 1e-06
880 560880000 1e-06
881 561040000 1e-06
882 561200000 1e-06
883 561360000 1e-06
884 561520000 1e-06
885 561680000 1e-06
886 561840000 1e-06
887 562000000 1e-06
888 562160000 1e-06
889 562320000 1e-06
890 562480000 1e-06
891 562640000 1e-06
892 562800000 1e-06
893 562960000 1e-06
894 563120000 1e-06
895 563280000 1e-06
896 563440000 1e-06
897 563600000 1e-06
898 563760000 1e-06
899 563920000 1e-06
900 564080000 1e-06
901 564240000 1e-06
902 564400000 1e-06
903 564560000 1e-06
904 564720000 1e-06
905 564880000 1e-06
906 565040000 1e-06
907 565200000 1e-06
908 565360000 1e-06
909 565520000 1e-06
910 565680000 1e-06
911 565840000 1e-06
912 566000000 1e-06
913 566160000 1e-06
914 566320000 1e-06
915 566480000 1e-06
916 566640000 1e-06
917 566800000 1e-06
918 566960000 1e-06
919 567120000 1e-06
920 567280000 1e-06
921 567440000 1e-06
922 567600000 1e-06
923 567760000 1e-06
924 567920000 1e-06
925 568080000 1e-06
926 568240000 1e-06
927 568400000 1e-06
928 568560000 1e-06
929 568720000 1e-06
930 568880000 1e-06
931 569040000 1e-06
932 569200000 1e-06
933 569360000 1e-06
934 569520000 1e-06
935 569680000 1e-06
936 569840000 1e-06
937 570000000 1e-06
938 570160000 1e-06
939 570320000 1e-06
940 570480000 1e-06
941 570640000 1e-06
942 570800000 1e-06
943 570960000 1e-06
944 571120000 1e-06
945 571280000 1e-06
946 571440000 1e-06
947 571600000 1e-06
948 571760000 1e-06
949 571920000 1e-06
950 572080000 1e-06
951 572240000 1e-06
952 572400000 1e-06
953 572560000 1e-06
954 572720000 1e-06
955 572880000 1e-06
956 573040000 1e-06
957 573200000 1e-06
958 573360000 1e-06
959 573520000 1e-06
960 573680000 1e-06
961 573840000 1e-06
962 574000000 1e-06
963 574160000 1e-06
964 574320000 1e-06
965 574480000 1e-06
966 574640000 1e-06
967 574800000 1e-06
968 574960000 1e-06
969 575120000 1e-06
970 575280000 1e-06
971 575440000 1e-06
972 575600000 1e-06
973 575760000 1e-06
974 575920000 1e-06
975 576080000 1e-06
976 576240000 1e-06
977 576400000 1e-06
978 576560000 1e-06
979 576720000 1e-06
980 576880000 1e-06
981 577040000 1e-06
982 577200000 1e-06
983 577360000 1e-06
984 577520000 1e-06
985 577680000 1e-06
986 577840000 1e-06
987 578000000 1e-06
988 578160000 1e-06
989 578320000 1e-06
990 578480000 1e-06
991 578640000 1e-06
992 578800000 1e-06
993 578960000 1e-06
994 579120000 1e-06
995 579280000 1e-06
996 579440000 1e-06
997 579600000 1e-06
998 579760000 1e-06
999 579920000 1e-06
1000 580080000 1e-06
1001 580240000 1e-06
1002 580400000 1e-06
1003 580560000 1e-06
1004 580720000 1e-06
1005 580880000 1e-06
1006 581040000 1e-06
1007 581200000 1e-06
1008 581360000 1e-06
1009 581520000 1e-06
1010 581680000 1e-06
1011 581840000 1e-06
1012 582000000 1e-06
1013 582160000 1e-06
1014 582320000 1e-06
1015 582480000 1e-06
1016 582640000 1e-06
1017 582800000 1e-06
1018 582960000 1e-06
1019 583120000 1e-06
1020 583280000 1e-06
1021 583440000 1e-06
1022 583600000 1e-06
1023 583760000 1e-06
Castro::numpts_1d at level  0 is 580
Setting the gravity type to ConstantGrav
Initializing the data at level 0
Done initializing the level 0 data 
...estimated hydro-limited timestep at level 0: 0.0002317401595
Castro::estTimeStep (hydro-limited) at level 0:  estdt = 0.0002317401595

grid_places() time: 0.012504049 new finest: 1
Castro::numpts_1d at level  1 is 1152
Initializing the data at level 1
Done initializing the level 1 data 
grid_places() time: 0.011962822 new finest: 2
Castro::numpts_1d at level  2 is 2297
Initializing the data at level 2
Done initializing the level 2 data 
grid_places() time: 0.02340306 new finest: 3
Castro::numpts_1d at level  3 is 4587
Initializing the data at level 3
Done initializing the level 3 data 
grid_places() time: 0.076198706 new finest: 4
Castro::numpts_1d at level  4 is 9166
Initializing the data at level 4
Done initializing the level 4 data 
Now regridding at level lbase = 0
grid_places() time: 0.060446471 new finest: 4
Castro::numpts_1d at level  1 is 1152
Initializing the data at level 1
Done initializing the level 1 data 
Castro::numpts_1d at level  2 is 2297
Initializing the data at level 2
Done initializing the level 2 data 
Castro::numpts_1d at level  3 is 4587
Initializing the data at level 3
Done initializing the level 3 data 
Castro::numpts_1d at level  4 is 9166
Initializing the data at level 4
Done initializing the level 4 data 
STEP = 0 TIME = 0 : REGRID  with lbase = 0
  Level 1   912 grids  466944 cells  89.0625 % of domain
            smallest grid: 32 x 16  biggest grid: 32 x 16
  Level 2   928 grids  1855488 cells  88.4765625 % of domain
            smallest grid: 64 x 28  biggest grid: 64 x 32
  Level 3   1824 grids  7405568 cells  88.28125 % of domain
            smallest grid: 64 x 32  biggest grid: 64 x 64
  Level 4   3648 grids  14729216 cells  43.89648438 % of domain
            smallest grid: 64 x 60  biggest grid: 64 x 64


TIME= 0 MASS        = 1.643428488e+20
TIME= 0 XMOM        = 0
TIME= 0 YMOM        = 0
TIME= 0 ZMOM        = 0
TIME= 0 ANG MOM X   = 0
TIME= 0 ANG MOM Y   = 0
TIME= 0 ANG MOM Z   = 0
TIME= 0 RHO*e       = 2.0743306e+36
TIME= 0 RHO*K       = 0
TIME= 0 RHO*E       = 2.0743306e+36
TIME= 0 RHO*PHI     = 0
TIME= 0 TOTAL ENERGY= 2.0743306e+36
INITIAL GRIDS 
  Level 0   1024 grids  131072 cells  100 % of domain
            smallest grid: 16 x 8  biggest grid: 16 x 8
  Level 1   912 grids  466944 cells  89.0625 % of domain
            smallest grid: 32 x 16  biggest grid: 32 x 16
  Level 2   928 grids  1855488 cells  88.4765625 % of domain
            smallest grid: 64 x 28  biggest grid: 64 x 32
  Level 3   1824 grids  7405568 cells  88.28125 % of domain
            smallest grid: 64 x 32  biggest grid: 64 x 64
  Level 4   3648 grids  14729216 cells  43.89648438 % of domain
            smallest grid: 64 x 60  biggest grid: 64 x 64

CHECKPOINT: file = chk00000
checkPoint() time = 7.338955948 secs.
PLOTFILE: file = plt00000
Write plotfile time = 7.434447852  seconds

...estimated hydro-limited timestep at level 0: 0.0002317401595
Castro::estTimeStep (hydro-limited) at level 0:  estdt = 0.0002317401595

...estimated hydro-limited timestep at level 1: 0.0002718511652
Castro::estTimeStep (hydro-limited) at level 1:  estdt = 0.0002718511652

...estimated hydro-limited timestep at level 2: 0.0001359255826
Castro::estTimeStep (hydro-limited) at level 2:  estdt = 0.0001359255826

...estimated hydro-limited timestep at level 3: 6.79627913e-05
Castro::estTimeStep (hydro-limited) at level 3:  estdt = 6.79627913e-05

...estimated hydro-limited timestep at level 4: 4.268426464e-05
Castro::estTimeStep (hydro-limited) at level 4:  estdt = 4.268426464e-05

[Level 0 step 1] ADVANCE with dt = 2.317401595e-05

  Beginning subcycle 1 starting at time 0 with dt = 2.317401595e-05
  Estimated number of subcycles remaining: 1

... Entering burner and doing half-timestep of burning.

... Leaving burner after completing half-timestep of burning.

Castro::react_state() time = 0.7769200802

Castro::do_old_sources() time = 0.0004930496216

... Entering construct_ctu_hydro_source()

... Leaving construct_ctu_hydro_source()

Castro::construct_ctu_hydro_source() time = 0.007632017136

Castro::do_new_sources() time = 0.0004620552063

... Entering burner and doing half-timestep of burning.

... Leaving burner after completing half-timestep of burning.

Castro::react_state() time = 0.2104649544

...estimated hydro-limited timestep at level 0: 0.0002317278052
Castro::estTimeStep (hydro-limited) at level 0:  estdt = 0.0002317278052

  Subcycle completed

  Subcycling complete

  Zones advanced per microsecond at this level: 0.129929914

[Level 0 step 1] Advanced 131072 cells
[Level 1 step 1] ADVANCE with dt = 1.158700798e-05

  Beginning subcycle 1 starting at time 0 with dt = 1.158700798e-05
  Estimated number of subcycles remaining: 1

... Entering burner and doing half-timestep of burning.

... Leaving burner after completing half-timestep of burning.

Castro::react_state() time = 1.965863943

Castro::do_old_sources() time = 0.001842975616

... Entering construct_ctu_hydro_source()

... Leaving construct_ctu_hydro_source()

Castro::construct_ctu_hydro_source() time = 0.009690999985

Castro::do_new_sources() time = 0.001883029938

... Entering burner and doing half-timestep of burning.

... Leaving burner after completing half-timestep of burning.

Castro::react_state() time = 0.812048912

...estimated hydro-limited timestep at level 1: 0.0002718433792
Castro::estTimeStep (hydro-limited) at level 1:  estdt = 0.0002718433792

  Subcycle completed

  Subcycling complete

  Zones advanced per microsecond at this level: 0.1660975395

[Level 1 step 1] Advanced 466944 cells
[Level 2 step 1] ADVANCE with dt = 5.793503988e-06

  Beginning subcycle 1 starting at time 0 with dt = 5.793503988e-06
  Estimated number of subcycles remaining: 1

WARNING: Grids are not properly nested.  We might have to use
         two coarse levels to do fillpatch.  Consider using
         amr.blocking_factor=(8,8)
... Entering burner and doing half-timestep of burning.

... Leaving burner after completing half-timestep of burning.

Castro::react_state() time = 5.984418154

Castro::do_old_sources() time = 0.007699966431

... Entering construct_ctu_hydro_source()

... Leaving construct_ctu_hydro_source()

Castro::construct_ctu_hydro_source() time = 0.04129719734

Castro::do_new_sources() time = 0.006870985031

... Entering burner and doing half-timestep of burning.

... Leaving burner after completing half-timestep of burning.

Castro::react_state() time = 3.337819099

...estimated hydro-limited timestep at level 2: 0.0001359208507
Castro::estTimeStep (hydro-limited) at level 2:  estdt = 0.0001359208507

  Subcycle completed

  Subcycling complete

  Zones advanced per microsecond at this level: 0.1970513385

[Level 2 step 1] Advanced 1855488 cells
[Level 3 step 1] ADVANCE with dt = 2.896751994e-06

  Beginning subcycle 1 starting at time 0 with dt = 2.896751994e-06
  Estimated number of subcycles remaining: 1

... Entering burner and doing half-timestep of burning.

... Leaving burner after completing half-timestep of burning.

Castro::react_state() time = 18.20283008

Castro::do_old_sources() time = 0.02184510231

... Entering construct_ctu_hydro_source()

... Leaving construct_ctu_hydro_source()

Castro::construct_ctu_hydro_source() time = 0.1240930557

Castro::do_new_sources() time = 0.02283906937

... Entering burner and doing half-timestep of burning.

... Leaving burner after completing half-timestep of burning.

Castro::react_state() time = 9.728807926

...estimated hydro-limited timestep at level 3: 6.79615588e-05
Castro::estTimeStep (hydro-limited) at level 3:  estdt = 6.79615588e-05

  Subcycle completed

  Subcycling complete

  Zones advanced per microsecond at this level: 0.2623254906

[Level 3 step 1] Advanced 7405568 cells
[Level 4 step 1] ADVANCE with dt = 1.448375997e-06

  Beginning subcycle 1 starting at time 0 with dt = 1.448375997e-06
  Estimated number of subcycles remaining: 1

... Entering burner and doing half-timestep of burning.

... Leaving burner after completing half-timestep of burning.

Castro::react_state() time = 27.03541398

Castro::do_old_sources() time = 0.04381895065

... Entering construct_ctu_hydro_source()

... Leaving construct_ctu_hydro_source()

Castro::construct_ctu_hydro_source() time = 0.2515420914

Castro::do_new_sources() time = 0.04508900642

... Entering burner and doing half-timestep of burning.

... Leaving burner after completing half-timestep of burning.

Castro::react_state() time = 19.08018899

...estimated hydro-limited timestep at level 4: 4.26842205e-05
Castro::estTimeStep (hydro-limited) at level 4:  estdt = 4.26842205e-05

  Subcycle completed

  Subcycling complete

  Zones advanced per microsecond at this level: 0.3157458723

[Level 4 step 1] Advanced 14729216 cells
[Level 4 step 2] ADVANCE with dt = 1.448375997e-06

  Beginning subcycle 1 starting at time 1.448375997e-06 with dt = 1.448375997e-06
  Estimated number of subcycles remaining: 1

... Entering burner and doing half-timestep of burning.

... Leaving burner after completing half-timestep of burning.

Castro::react_state() time = 30.43651199

Castro::do_old_sources() time = 0.04419207573

... Entering construct_ctu_hydro_source()

... Leaving construct_ctu_hydro_source()

Castro::construct_ctu_hydro_source() time = 0.2520260811

Castro::do_new_sources() time = 0.04514503479

... Entering burner and doing half-timestep of burning.

... Leaving burner after completing half-timestep of burning.

Castro::react_state() time = 19.01618314

...estimated hydro-limited timestep at level 4: 4.268417571e-05
Castro::estTimeStep (hydro-limited) at level 4:  estdt = 4.268417571e-05

  Subcycle completed

  Subcycling complete

  Zones advanced per microsecond at this level: 0.2946590163

[Level 4 step 2] Advanced 14729216 cells
Castro::do_new_sources() time = 0.04676914215

Castro::do_new_sources() time = 0.02312898636

Castro::reflux() at level 3 : time = 0.1636798382
[Level 3 step 2] ADVANCE with dt = 2.896751994e-06

  Beginning subcycle 1 starting at time 2.896751994e-06 with dt = 2.896751994e-06
  Estimated number of subcycles remaining: 1

... Entering burner and doing half-timestep of burning.

... Leaving burner after completing half-timestep of burning.

Castro::react_state() time = 17.07743812

Castro::do_old_sources() time = 0.02208900452

... Entering construct_ctu_hydro_source()

... Leaving construct_ctu_hydro_source()

Castro::construct_ctu_hydro_source() time = 0.1280901432

Castro::do_new_sources() time = 0.02283787727

... Entering burner and doing half-timestep of burning.

... Leaving burner after completing half-timestep of burning.

Castro::react_state() time = 9.730793953

...estimated hydro-limited timestep at level 3: 6.796032644e-05
Castro::estTimeStep (hydro-limited) at level 3:  estdt = 6.796032644e-05

  Subcycle completed

  Subcycling complete

  Zones advanced per microsecond at this level: 0.2733221308

[Level 3 step 2] Advanced 7405568 cells
[Level 4 step 3] ADVANCE with dt = 1.448375997e-06

  Beginning subcycle 1 starting at time 2.896751994e-06 with dt = 1.448375997e-06
  Estimated number of subcycles remaining: 1

... Entering burner and doing half-timestep of burning.

DVODE: error test failed repeatedly or with abs(H) = HMIN
ERROR: integration failed in net
istate = -4
time = 2.485600822e-11
dens = 22011.04442
temp start = 20321810.01
xn start = 9.999999999e-11 1e-30 1.000000004e-10 1.000002155e-10 9.999999949e-11 9.999980778e-11 0.4999999993 1.000000002e-10 9.999999982e-11 9.999157069e-11 1.000000008e-10 9.999999857e-11 9.999999917e-11 0.4999999993 1.000000026e-10 9.999999843e-11 5.010450497e-14 
temp current = 20348354.68
xn current = 9.999999999e-11 1e-30 1.000000004e-10 1.000002155e-10 9.999999949e-11 9.999980778e-11 0.4999999993 1.000000002e-10 9.999999982e-11 9.999157069e-11 1.000000008e-10 9.999999857e-11 9.999999917e-11 0.4999999993 1.000000026e-10 9.999999843e-11 5.010450497e-14 
energy generated = 0
failure: 
rho = 22011.044417
T =   20348354.6826
xn = 9.999999999e-11 1.00000000019e-30 1.00000000364e-10 1.00000215475e-10 9.99999994874e-11 9.99998077823e-11 0.49999999935 1.00000000158e-10 9.99999998221e-11 9.99915706858e-11 1.00000000813e-10 9.99999985679e-11 9.99999991671e-11 0.49999999935 1.00000002569e-10 9.99999984334e-11 5.01045049734e-14 

amrex::Error::193::integration failed in burner !!!
SIGABRT
See Backtrace.193 file for details
Rank 193 [Sat Oct  2 11:09:31 2021] [c9-0c2s2n3] application called MPI_Abort(MPI_COMM_WORLD, 6) - process 193
srun: error: nid01867: task 193: Aborted
srun: launch/slurm: _step_signal: Terminating StepId=47862180.0
slurmstepd: error: *** STEP 47862180.0 ON nid01060 CANCELLED AT 2021-10-02T11:09:32 ***
srun: error: nid01873: tasks 224-255: Terminated
srun: error: nid01867: tasks 192,194-223: Terminated
srun: error: nid02076: tasks 480-511: Terminated
srun: error: nid02028: tasks 320-351: Terminated
srun: error: nid02080: tasks 512-543: Terminated
srun: error: nid01821: tasks 160-191: Terminated
srun: error: nid01060: tasks 0-31: Terminated
srun: error: nid02239: tasks 544-575: Terminated
srun: error: nid02046: tasks 416-447: Terminated
srun: error: nid01314: tasks 64-95: Terminated
srun: error: nid02045: tasks 384-415: Terminated
srun: error: nid01099: tasks 32-63: Terminated
srun: error: nid02044: tasks 352-383: Terminated
srun: error: nid01820: tasks 128-159: Terminated
srun: error: nid01812: tasks 96-127: Terminated
srun: error: nid01970: tasks 256-287: Terminated
srun: error: nid02241: tasks 608-639: Terminated
srun: error: nid02240: tasks 576-607: Terminated
srun: error: nid02049: tasks 448-479: Terminated
srun: error: nid01978: tasks 288-319: Terminated
srun: Force Terminated StepId=47862180.0
