\BOOKMARK [0][-]{chapter*.3}{list of figures}{}% 1
\BOOKMARK [0][-]{chapter*.4}{list of tables}{}% 2
\BOOKMARK [0][-]{chapter*.5}{preface}{}% 3
\BOOKMARK [0][-]{chapter.1}{Getting Started}{}% 4
\BOOKMARK [1][-]{section.1.1}{Downloading the Code}{chapter.1}% 5
\BOOKMARK [1][-]{section.1.2}{Building the Code}{chapter.1}% 6
\BOOKMARK [1][-]{section.1.3}{Running the Code}{chapter.1}% 7
\BOOKMARK [1][-]{section.1.4}{Visualization of the Results}{chapter.1}% 8
\BOOKMARK [1][-]{section.1.5}{Other Distributed Problem Setups}{chapter.1}% 9
\BOOKMARK [0][-]{chapter.2}{Inputs Files}{}% 10
\BOOKMARK [1][-]{section.2.1}{Working with probin Files}{chapter.2}% 11
\BOOKMARK [1][-]{section.2.2}{Common inputs Options}{chapter.2}% 12
\BOOKMARK [2][-]{subsection.2.2.1}{Problem Geometry}{section.2.2}% 13
\BOOKMARK [2][-]{subsection.2.2.2}{Domain Boundary Conditions}{section.2.2}% 14
\BOOKMARK [2][-]{subsection.2.2.3}{Resolution}{section.2.2}% 15
\BOOKMARK [2][-]{subsection.2.2.4}{Regridding}{section.2.2}% 16
\BOOKMARK [2][-]{subsection.2.2.5}{Simulation Time}{section.2.2}% 17
\BOOKMARK [2][-]{subsection.2.2.6}{Time Step}{section.2.2}% 18
\BOOKMARK [2][-]{subsection.2.2.7}{Subcycling}{section.2.2}% 19
\BOOKMARK [2][-]{subsection.2.2.8}{Restart Capability}{section.2.2}% 20
\BOOKMARK [2][-]{subsection.2.2.9}{Controlling Plotfile Generation}{section.2.2}% 21
\BOOKMARK [2][-]{subsection.2.2.10}{Screen Output}{section.2.2}% 22
\BOOKMARK [2][-]{subsection.2.2.11}{Other parameters}{section.2.2}% 23
\BOOKMARK [0][-]{chapter.3}{Units and Constants}{}% 24
\BOOKMARK [1][-]{section.3.1}{Units and Constants}{chapter.3}% 25
\BOOKMARK [0][-]{chapter.4}{Software Framework}{}% 26
\BOOKMARK [1][-]{section.4.1}{Code structure}{chapter.4}% 27
\BOOKMARK [1][-]{section.4.2}{An Overview of Castro}{chapter.4}% 28
\BOOKMARK [2][-]{subsection.4.2.1}{Geometry class}{section.4.2}% 29
\BOOKMARK [2][-]{subsection.4.2.2}{ParmParse class}{section.4.2}% 30
\BOOKMARK [2][-]{subsection.4.2.3}{Castro Data Structures}{section.4.2}% 31
\BOOKMARK [2][-]{subsection.4.2.4}{Derived Variables}{section.4.2}% 32
\BOOKMARK [2][-]{subsection.4.2.5}{Error Estimators}{section.4.2}% 33
\BOOKMARK [2][-]{subsection.4.2.6}{Gravity class}{section.4.2}% 34
\BOOKMARK [2][-]{subsection.4.2.7}{Fortran Helper Modules}{section.4.2}% 35
\BOOKMARK [1][-]{section.4.3}{Setting Up Your Own Problem}{chapter.4}% 36
\BOOKMARK [1][-]{section.4.4}{Boundaries}{chapter.4}% 37
\BOOKMARK [2][-]{subsection.4.4.1}{Boundaries Between Grids}{section.4.4}% 38
\BOOKMARK [2][-]{subsection.4.4.2}{Physical Boundaries}{section.4.4}% 39
\BOOKMARK [2][-]{subsection.4.4.3}{Filling the boundaries}{section.4.4}% 40
\BOOKMARK [1][-]{section.4.5}{Parallel I/O}{chapter.4}% 41
\BOOKMARK [1][-]{section.4.6}{Parallelization}{chapter.4}% 42
\BOOKMARK [2][-]{subsection.4.6.1}{BoxLib's Non-Tiling Approach In C++}{section.4.6}% 43
\BOOKMARK [2][-]{subsection.4.6.2}{BoxLib's Current Tiling Approach In C++}{section.4.6}% 44
\BOOKMARK [2][-]{subsection.4.6.3}{Practical Details in Working with Tiling}{section.4.6}% 45
\BOOKMARK [0][-]{chapter.5}{Single-Level Flow Chart}{}% 46
\BOOKMARK [1][-]{section.5.1}{Overview of a single step}{chapter.5}% 47
\BOOKMARK [1][-]{section.5.2}{Outline of Castro::advance\(\)}{chapter.5}% 48
\BOOKMARK [0][-]{chapter.6}{Runtime Parameters}{}% 49
\BOOKMARK [0][-]{chapter.7}{Compilers, Managing Jobs, and Scaling}{}% 50
\BOOKMARK [1][-]{section.7.1}{General Info}{chapter.7}% 51
\BOOKMARK [1][-]{section.7.2}{Linux boxes}{chapter.7}% 52
\BOOKMARK [1][-]{section.7.3}{Working at OLCF \(ORNL\)}{chapter.7}% 53
\BOOKMARK [2][-]{subsection.7.3.1}{Automatic Restarting and Archiving of Data}{section.7.3}% 54
\BOOKMARK [1][-]{section.7.4}{Working at NERSC}{chapter.7}% 55
\BOOKMARK [2][-]{subsection.7.4.1}{General issues}{section.7.4}% 56
\BOOKMARK [2][-]{subsection.7.4.2}{Edison compilers}{section.7.4}% 57
\BOOKMARK [2][-]{subsection.7.4.3}{Hypre and radiation}{section.7.4}% 58
\BOOKMARK [2][-]{subsection.7.4.4}{Running jobs}{section.7.4}% 59
\BOOKMARK [1][-]{section.7.5}{Working at LANL}{chapter.7}% 60
\BOOKMARK [1][-]{section.7.6}{Scaling}{chapter.7}% 61
\BOOKMARK [1][-]{section.7.7}{Gotyas}{chapter.7}% 62
\BOOKMARK [0][-]{chapter.8}{Frequently Asked Questions}{}% 63
\BOOKMARK [1][-]{section.8.1}{Debugging}{chapter.8}% 64
\BOOKMARK [0][-]{chapter.9}{Hydrodynamics}{}% 65
\BOOKMARK [1][-]{section.9.1}{Conservation Forms}{chapter.9}% 66
\BOOKMARK [1][-]{section.9.2}{Primitive Forms}{chapter.9}% 67
\BOOKMARK [1][-]{section.9.3}{Hydrodynamics Update}{chapter.9}% 68
\BOOKMARK [2][-]{subsection.9.3.1}{Compute Primitive Variables}{section.9.3}% 69
\BOOKMARK [2][-]{subsection.9.3.2}{Edge State Prediction}{section.9.3}% 70
\BOOKMARK [2][-]{subsection.9.3.3}{Riemann Problem}{section.9.3}% 71
\BOOKMARK [2][-]{subsection.9.3.4}{Compute Fluxes and Update}{section.9.3}% 72
\BOOKMARK [0][-]{chapter.10}{Gravity}{}% 73
\BOOKMARK [1][-]{subsection.10.0.5}{List of Parameters}{chapter.10}% 74
\BOOKMARK [2][-]{subsection.10.0.6}{Notes}{subsection.10.0.5}% 75
\BOOKMARK [1][-]{section.10.1}{Types of Approximations}{chapter.10}% 76
\BOOKMARK [2][-]{subsection.10.1.1}{ConstantGrav}{section.10.1}% 77
\BOOKMARK [2][-]{subsection.10.1.2}{PoissonGrav}{section.10.1}% 78
\BOOKMARK [2][-]{subsection.10.1.3}{MonopoleGrav}{section.10.1}% 79
\BOOKMARK [2][-]{subsection.10.1.4}{PrescribedGrav}{section.10.1}% 80
\BOOKMARK [1][-]{section.10.2}{GR correction}{chapter.10}% 81
\BOOKMARK [0][-]{chapter.11}{Diffusion}{}% 82
\BOOKMARK [1][-]{section.11.1}{Introduction}{chapter.11}% 83
\BOOKMARK [0][-]{chapter.12}{Rotation}{}% 84
\BOOKMARK [1][-]{subsection.12.0.1}{List of Parameters}{chapter.12}% 85
\BOOKMARK [2][-]{subsection.12.0.2}{Notes}{subsection.12.0.1}% 86
\BOOKMARK [1][-]{section.12.1}{Coordinate transformation to rotating frame}{chapter.12}% 87
\BOOKMARK [1][-]{section.12.2}{Momentum equation in rotating frame}{chapter.12}% 88
\BOOKMARK [1][-]{section.12.3}{Energy equations in rotating frame}{chapter.12}% 89
\BOOKMARK [1][-]{section.12.4}{Switching to the rotating reference frame}{chapter.12}% 90
\BOOKMARK [1][-]{section.12.5}{Adding the forcing to the hydrodynamics}{chapter.12}% 91
\BOOKMARK [0][-]{chapter.13}{Equation of State and Burning Network}{}% 92
\BOOKMARK [1][-]{section.13.1}{Equation of State}{chapter.13}% 93
\BOOKMARK [2][-]{subsection.13.1.1}{Standard Castro EOSes}{section.13.1}% 94
\BOOKMARK [2][-]{subsection.13.1.2}{EOS Interfaces and Parameters}{section.13.1}% 95
\BOOKMARK [1][-]{section.13.2}{Nuclear Network}{chapter.13}% 96
\BOOKMARK [2][-]{subsection.13.2.1}{Required Thermodynamics Quantities}{section.13.2}% 97
\BOOKMARK [0][-]{chapter.14}{AMR}{}% 98
\BOOKMARK [1][-]{section.14.1}{Tagging for Refinement}{chapter.14}% 99
\BOOKMARK [1][-]{section.14.2}{Synchronization Algorithm}{chapter.14}% 100
\BOOKMARK [0][-]{chapter.15}{Level Sets}{}% 101
\BOOKMARK [1][-]{section.15.1}{Introduction}{chapter.15}% 102
\BOOKMARK [2][-]{subsection.15.1.1}{An Example}{section.15.1}% 103
\BOOKMARK [1][-]{section.15.2}{Terminology}{chapter.15}% 104
\BOOKMARK [1][-]{section.15.3}{Functions}{chapter.15}% 105
\BOOKMARK [2][-]{subsection.15.3.1}{INITPHI}{section.15.3}% 106
\BOOKMARK [2][-]{subsection.15.3.2}{ADVANCE}{section.15.3}% 107
\BOOKMARK [2][-]{subsection.15.3.3}{LSCFL}{section.15.3}% 108
\BOOKMARK [2][-]{subsection.15.3.4}{PHIUPD}{section.15.3}% 109
\BOOKMARK [2][-]{subsection.15.3.5}{REINIT}{section.15.3}% 110
\BOOKMARK [2][-]{subsection.15.3.6}{FASTMARCH}{section.15.3}% 111
\BOOKMARK [2][-]{subsection.15.3.7}{UPDATE\(i\)}{section.15.3}% 112
\BOOKMARK [2][-]{subsection.15.3.8}{EVAL\(i\)}{section.15.3}% 113
\BOOKMARK [2][-]{subsection.15.3.9}{FASTMARCH2}{section.15.3}% 114
\BOOKMARK [2][-]{subsection.15.3.10}{UPDATE2\(i\)}{section.15.3}% 115
\BOOKMARK [2][-]{subsection.15.3.11}{EVAL2\(i\)}{section.15.3}% 116
\BOOKMARK [1][-]{section.15.4}{Heap Sorting}{chapter.15}% 117
\BOOKMARK [2][-]{subsection.15.4.1}{ADDNODE}{section.15.4}% 118
\BOOKMARK [2][-]{subsection.15.4.2}{UPDATENODE}{section.15.4}% 119
\BOOKMARK [2][-]{subsection.15.4.3}{RMVNODE}{section.15.4}% 120
\BOOKMARK [1][-]{section.15.5}{Future Work}{chapter.15}% 121
\BOOKMARK [0][-]{chapter.16}{ConvertCheckpoint}{}% 122
\BOOKMARK [1][-]{section.16.1}{Star in Corner \(star\137at\137center = 0\) }{chapter.16}% 123
\BOOKMARK [2][-]{subsection.16.1.1}{Converting the Checkpoint File}{section.16.1}% 124
\BOOKMARK [2][-]{subsection.16.1.2}{Restarting from a Grown Checkpoint File}{section.16.1}% 125
\BOOKMARK [1][-]{section.16.2}{Star at Center of Domain \(star\137at\137center = 1\) }{chapter.16}% 126
\BOOKMARK [2][-]{subsection.16.2.1}{Converting the Checkpoint File}{section.16.2}% 127
\BOOKMARK [2][-]{subsection.16.2.2}{Restarting from a Grown Checkpoint File}{section.16.2}% 128
\BOOKMARK [2][-]{subsection.16.2.3}{Cylindrical Coordinates}{section.16.2}% 129
\BOOKMARK [0][-]{chapter.17}{Initializing Castro with Maestro Data}{}% 130
\BOOKMARK [1][-]{section.17.1}{Overview}{chapter.17}% 131
\BOOKMARK [1][-]{section.17.2}{MAESTRO Plotfile Requirements}{chapter.17}% 132
\BOOKMARK [1][-]{section.17.3}{List of Parameters}{chapter.17}% 133
\BOOKMARK [2][-]{subsection.17.3.1}{Examples of Usage}{section.17.3}% 134
\BOOKMARK [1][-]{section.17.4}{New Subroutines in Prob\137Xd.f90}{chapter.17}% 135
\BOOKMARK [1][-]{section.17.5}{Additional Notes}{chapter.17}% 136
\BOOKMARK [2][-]{subsection.17.5.1}{Multilevel Restart}{section.17.5}% 137
\BOOKMARK [0][-]{chapter.18}{Visualization}{}% 138
\BOOKMARK [1][-]{section.18.1}{Controlling What's in the PlotFile}{chapter.18}% 139
\BOOKMARK [1][-]{section.18.2}{amrvis}{chapter.18}% 140
\BOOKMARK [1][-]{section.18.3}{VisIt}{chapter.18}% 141
\BOOKMARK [1][-]{section.18.4}{yt}{chapter.18}% 142
\BOOKMARK [2][-]{subsection.18.4.1}{Castro-Specific Data}{section.18.4}% 143
\BOOKMARK [2][-]{subsection.18.4.2}{Interacting with yt: Command Line and Scripting}{section.18.4}% 144
\BOOKMARK [2][-]{subsection.18.4.3}{yt Basics}{section.18.4}% 145
\BOOKMARK [2][-]{subsection.18.4.4}{Data Containers and Selection}{section.18.4}% 146
\BOOKMARK [2][-]{subsection.18.4.5}{Grid Inspection}{section.18.4}% 147
\BOOKMARK [2][-]{subsection.18.4.6}{Example Scripts}{section.18.4}% 148
\BOOKMARK [1][-]{section.18.5}{1D}{chapter.18}% 149
\BOOKMARK [0][-]{chapter.19}{Verification Test Problems}{}% 150
\BOOKMARK [1][-]{section.19.1}{Hydrodynamics Test Problems}{chapter.19}% 151
\BOOKMARK [2][-]{subsection.19.1.1}{Sod's Problem \(and Other Shock Tube Problems\)}{section.19.1}% 152
\BOOKMARK [2][-]{subsection.19.1.2}{Sedov Problem}{section.19.1}% 153
\BOOKMARK [2][-]{subsection.19.1.3}{Rayleigh-Taylor}{section.19.1}% 154
\BOOKMARK [1][-]{section.19.2}{Gravity Test Problems}{chapter.19}% 155
\BOOKMARK [1][-]{section.19.3}{Radiation Test Problems}{chapter.19}% 156
\BOOKMARK [2][-]{subsection.19.3.1}{Light Front}{section.19.3}% 157
\BOOKMARK [2][-]{subsection.19.3.2}{Diffusion of a Gaussian Pulse}{section.19.3}% 158
\BOOKMARK [2][-]{subsection.19.3.3}{Radiation Source Problem}{section.19.3}% 159
\BOOKMARK [2][-]{subsection.19.3.4}{Radiating Sphere}{section.19.3}% 160
\BOOKMARK [1][-]{section.19.4}{Regression Testing}{chapter.19}% 161
\BOOKMARK [0][-]{section.19.4}{References}{}% 162
